  Source.cpp
C:\Users\Миша\source\repos\Calendar\Calendar\basic.h(59,11): warning C4244: инициализация: преобразование "T" в "int", возможна потеря данных
          with
          [
              T=float
          ]
C:\Users\Миша\source\repos\Calendar\Calendar\basic.h(60,12): warning C4244: инициализация: преобразование "T" в "int", возможна потеря данных
          with
          [
              T=float
          ]
C:\Users\Миша\source\repos\Calendar\Calendar\Button.h(32,31): warning C4244: аргумент: преобразование "T" в "unsigned int", возможна потеря данных
          with
          [
              T=float
          ]
C:\Users\Миша\source\repos\Calendar\Calendar\Button.h(32,23): warning C4244: аргумент: преобразование "T" в "unsigned int", возможна потеря данных
          with
          [
              T=float
          ]
C:\Users\Миша\source\repos\Calendar\Calendar\Button.h(65,26): warning C4244: аргумент: преобразование "int" в "float", возможна потеря данных
C:\Users\Миша\source\repos\Calendar\Calendar\Button.h(65,20): warning C4244: аргумент: преобразование "int" в "float", возможна потеря данных
C:\Users\Миша\source\repos\Calendar\Calendar\label.h(26,69): warning C4244: аргумент: преобразование "double" в "unsigned int", возможна потеря данных
C:\Users\Миша\source\repos\Calendar\Calendar\label.h(26,47): warning C4244: аргумент: преобразование "T" в "unsigned int", возможна потеря данных
          with
          [
              T=float
          ]
C:\Users\Миша\source\repos\Calendar\Calendar\image.h(24,31): warning C4244: аргумент: преобразование "T" в "unsigned int", возможна потеря данных
          with
          [
              T=float
          ]
C:\Users\Миша\source\repos\Calendar\Calendar\image.h(24,23): warning C4244: аргумент: преобразование "T" в "unsigned int", возможна потеря данных
          with
          [
              T=float
          ]
C:\Users\Миша\source\repos\Calendar\Calendar\textbox.h(35,30): warning C4244: аргумент: преобразование "T" в "unsigned int", возможна потеря данных
          with
          [
              T=float
          ]
C:\Users\Миша\source\repos\Calendar\Calendar\textbox.h(35,23): warning C4244: аргумент: преобразование "T" в "unsigned int", возможна потеря данных
          with
          [
              T=float
          ]
C:\Users\Миша\source\repos\Calendar\Calendar\textbox.h(36,22): warning C4244: =: преобразование "double" в "int", возможна потеря данных
C:\Users\Миша\source\repos\Calendar\Calendar\textbox.h(82,21): warning C4018: <: несоответствие типов со знаком и без знака
C:\Users\Миша\source\repos\Calendar\Calendar\textbox.h(124,40): warning C4244: аргумент: преобразование "int" в "float", возможна потеря данных
C:\Users\Миша\source\repos\Calendar\Calendar\textbox.h(124,28): warning C4244: аргумент: преобразование "int" в "float", возможна потеря данных
C:\Users\Миша\source\repos\Calendar\Calendar\textbox.h(127,25): warning C4244: аргумент: преобразование "int" в "float", возможна потеря данных
C:\Users\Миша\source\repos\Calendar\Calendar\textbox.h(127,23): warning C4244: аргумент: преобразование "int" в "float", возможна потеря данных
C:\Users\Миша\source\repos\Calendar\Calendar\textbox.h(130,28): warning C4244: аргумент: преобразование "int" в "float", возможна потеря данных
C:\Users\Миша\source\repos\Calendar\Calendar\textbox.h(130,21): warning C4244: аргумент: преобразование "int" в "float", возможна потеря данных
C:\Users\Миша\source\repos\Calendar\Calendar\key.h(38,22): warning C4302: <function-style-cast>: усечение из "const char *" к "char"
C:\Users\Миша\source\repos\Calendar\Calendar\group.h(36,31): warning C4244: аргумент: преобразование "T" в "unsigned int", возможна потеря данных
          with
          [
              T=float
          ]
C:\Users\Миша\source\repos\Calendar\Calendar\group.h(36,23): warning C4244: аргумент: преобразование "T" в "unsigned int", возможна потеря данных
          with
          [
              T=float
          ]
C:\Users\Миша\source\repos\Calendar\Calendar\group.h(40,39): warning C4244: =: преобразование "T" в "T", возможна потеря данных
          with
          [
              T=float
          ]
          and
          [
              T=int
          ]
C:\Users\Миша\source\repos\Calendar\Calendar\group.h(41,39): warning C4244: =: преобразование "T" в "T", возможна потеря данных
          with
          [
              T=float
          ]
          and
          [
              T=int
          ]
C:\Users\Миша\source\repos\Calendar\Calendar\group.h(59,21): warning C4018: <: несоответствие типов со знаком и без знака
C:\Users\Миша\source\repos\Calendar\Calendar\group.h(62,21): warning C4018: <: несоответствие типов со знаком и без знака
C:\Users\Миша\source\repos\Calendar\Calendar\group.h(66,21): warning C4018: <: несоответствие типов со знаком и без знака
C:\Users\Миша\source\repos\Calendar\Calendar\group.h(70,21): warning C4018: <: несоответствие типов со знаком и без знака
  Calendar.vcxproj -> C:\Users\Миша\source\repos\Calendar\Debug\Calendar.exe
